Analysis & Synthesis report for NEC_IR_Transceiver
Tue Jul 07 14:03:50 2020
Quartus Prime Version 17.0.0 Build 595 04/25/2017 SJ Lite Edition


---------------------
; Table of Contents ;
---------------------
  1. Legal Notice
  2. Analysis & Synthesis Summary
  3. Analysis & Synthesis Settings
  4. Parallel Compilation
  5. Analysis & Synthesis Source Files Read
  6. Analysis & Synthesis Resource Usage Summary
  7. Analysis & Synthesis Resource Utilization by Entity
  8. State Machine - |NEC_IR_Transceiver|Mealy_Controller:inst1|present_state
  9. Registers Removed During Synthesis
 10. General Register Statistics
 11. Inverted Register Statistics
 12. Multiplexer Restructuring Statistics (Restructuring Performed)
 13. Post-Synthesis Netlist Statistics for Top Partition
 14. Elapsed Time Per Partition
 15. Analysis & Synthesis Messages



----------------
; Legal Notice ;
----------------
Copyright (C) 2017  Intel Corporation. All rights reserved.
Your use of Intel Corporation's design tools, logic functions 
and other software and tools, and its AMPP partner logic 
functions, and any output files from any of the foregoing 
(including device programming or simulation files), and any 
associated documentation or information are expressly subject 
to the terms and conditions of the Intel Program License 
Subscription Agreement, the Intel Quartus Prime License Agreement,
the Intel MegaCore Function License Agreement, or other 
applicable license agreement, including, without limitation, 
that your use is for the sole purpose of programming logic 
devices manufactured by Intel and sold by Intel or its 
authorized distributors.  Please refer to the applicable 
agreement for further details.



+-------------------------------------------------------------------------------+
; Analysis & Synthesis Summary                                                  ;
+---------------------------------+---------------------------------------------+
; Analysis & Synthesis Status     ; Successful - Tue Jul 07 14:03:50 2020       ;
; Quartus Prime Version           ; 17.0.0 Build 595 04/25/2017 SJ Lite Edition ;
; Revision Name                   ; NEC_IR_Transceiver                          ;
; Top-level Entity Name           ; NEC_IR_Transceiver                          ;
; Family                          ; Cyclone V                                   ;
; Logic utilization (in ALMs)     ; N/A                                         ;
; Total registers                 ; 167                                         ;
; Total pins                      ; 29                                          ;
; Total virtual pins              ; 0                                           ;
; Total block memory bits         ; 0                                           ;
; Total DSP Blocks                ; 0                                           ;
; Total HSSI RX PCSs              ; 0                                           ;
; Total HSSI PMA RX Deserializers ; 0                                           ;
; Total HSSI TX PCSs              ; 0                                           ;
; Total HSSI PMA TX Serializers   ; 0                                           ;
; Total PLLs                      ; 0                                           ;
; Total DLLs                      ; 0                                           ;
+---------------------------------+---------------------------------------------+


+---------------------------------------------------------------------------------------------------------------------------+
; Analysis & Synthesis Settings                                                                                             ;
+---------------------------------------------------------------------------------+--------------------+--------------------+
; Option                                                                          ; Setting            ; Default Value      ;
+---------------------------------------------------------------------------------+--------------------+--------------------+
; Device                                                                          ; 5CSEMA5F31C6       ;                    ;
; Top-level entity name                                                           ; NEC_IR_Transceiver ; NEC_IR_Transceiver ;
; Family name                                                                     ; Cyclone V          ; Cyclone V          ;
; Use smart compilation                                                           ; Off                ; Off                ;
; Enable parallel Assembler and TimeQuest Timing Analyzer during compilation      ; On                 ; On                 ;
; Enable compact report table                                                     ; Off                ; Off                ;
; Restructure Multiplexers                                                        ; Auto               ; Auto               ;
; MLAB Add Timing Constraints For Mixed-Port Feed-Through Mode Setting Don't Care ; Off                ; Off                ;
; Create Debugging Nodes for IP Cores                                             ; Off                ; Off                ;
; Preserve fewer node names                                                       ; On                 ; On                 ;
; OpenCore Plus hardware evaluation                                               ; Enable             ; Enable             ;
; Verilog Version                                                                 ; Verilog_2001       ; Verilog_2001       ;
; VHDL Version                                                                    ; VHDL_1993          ; VHDL_1993          ;
; State Machine Processing                                                        ; Auto               ; Auto               ;
; Safe State Machine                                                              ; Off                ; Off                ;
; Extract Verilog State Machines                                                  ; On                 ; On                 ;
; Extract VHDL State Machines                                                     ; On                 ; On                 ;
; Ignore Verilog initial constructs                                               ; Off                ; Off                ;
; Iteration limit for constant Verilog loops                                      ; 5000               ; 5000               ;
; Iteration limit for non-constant Verilog loops                                  ; 250                ; 250                ;
; Add Pass-Through Logic to Inferred RAMs                                         ; On                 ; On                 ;
; Infer RAMs from Raw Logic                                                       ; On                 ; On                 ;
; Parallel Synthesis                                                              ; On                 ; On                 ;
; DSP Block Balancing                                                             ; Auto               ; Auto               ;
; NOT Gate Push-Back                                                              ; On                 ; On                 ;
; Power-Up Don't Care                                                             ; On                 ; On                 ;
; Remove Redundant Logic Cells                                                    ; Off                ; Off                ;
; Remove Duplicate Registers                                                      ; On                 ; On                 ;
; Ignore CARRY Buffers                                                            ; Off                ; Off                ;
; Ignore CASCADE Buffers                                                          ; Off                ; Off                ;
; Ignore GLOBAL Buffers                                                           ; Off                ; Off                ;
; Ignore ROW GLOBAL Buffers                                                       ; Off                ; Off                ;
; Ignore LCELL Buffers                                                            ; Off                ; Off                ;
; Ignore SOFT Buffers                                                             ; On                 ; On                 ;
; Limit AHDL Integers to 32 Bits                                                  ; Off                ; Off                ;
; Optimization Technique                                                          ; Balanced           ; Balanced           ;
; Carry Chain Length                                                              ; 70                 ; 70                 ;
; Auto Carry Chains                                                               ; On                 ; On                 ;
; Auto Open-Drain Pins                                                            ; On                 ; On                 ;
; Perform WYSIWYG Primitive Resynthesis                                           ; Off                ; Off                ;
; Auto ROM Replacement                                                            ; On                 ; On                 ;
; Auto RAM Replacement                                                            ; On                 ; On                 ;
; Auto DSP Block Replacement                                                      ; On                 ; On                 ;
; Auto Shift Register Replacement                                                 ; Auto               ; Auto               ;
; Allow Shift Register Merging across Hierarchies                                 ; Auto               ; Auto               ;
; Auto Clock Enable Replacement                                                   ; On                 ; On                 ;
; Strict RAM Replacement                                                          ; Off                ; Off                ;
; Allow Synchronous Control Signals                                               ; On                 ; On                 ;
; Force Use of Synchronous Clear Signals                                          ; Off                ; Off                ;
; Auto Resource Sharing                                                           ; Off                ; Off                ;
; Allow Any RAM Size For Recognition                                              ; Off                ; Off                ;
; Allow Any ROM Size For Recognition                                              ; Off                ; Off                ;
; Allow Any Shift Register Size For Recognition                                   ; Off                ; Off                ;
; Use LogicLock Constraints during Resource Balancing                             ; On                 ; On                 ;
; Ignore translate_off and synthesis_off directives                               ; Off                ; Off                ;
; Timing-Driven Synthesis                                                         ; On                 ; On                 ;
; Report Parameter Settings                                                       ; On                 ; On                 ;
; Report Source Assignments                                                       ; On                 ; On                 ;
; Report Connectivity Checks                                                      ; On                 ; On                 ;
; Ignore Maximum Fan-Out Assignments                                              ; Off                ; Off                ;
; Synchronization Register Chain Length                                           ; 3                  ; 3                  ;
; PowerPlay Power Optimization During Synthesis                                   ; Normal compilation ; Normal compilation ;
; HDL message level                                                               ; Level2             ; Level2             ;
; Suppress Register Optimization Related Messages                                 ; Off                ; Off                ;
; Number of Removed Registers Reported in Synthesis Report                        ; 5000               ; 5000               ;
; Number of Swept Nodes Reported in Synthesis Report                              ; 5000               ; 5000               ;
; Number of Inverted Registers Reported in Synthesis Report                       ; 100                ; 100                ;
; Clock MUX Protection                                                            ; On                 ; On                 ;
; Auto Gated Clock Conversion                                                     ; Off                ; Off                ;
; Block Design Naming                                                             ; Auto               ; Auto               ;
; SDC constraint protection                                                       ; Off                ; Off                ;
; Synthesis Effort                                                                ; Auto               ; Auto               ;
; Shift Register Replacement - Allow Asynchronous Clear Signal                    ; On                 ; On                 ;
; Pre-Mapping Resynthesis Optimization                                            ; Off                ; Off                ;
; Analysis & Synthesis Message Level                                              ; Medium             ; Medium             ;
; Disable Register Merging Across Hierarchies                                     ; Auto               ; Auto               ;
; Resource Aware Inference For Block RAM                                          ; On                 ; On                 ;
; Automatic Parallel Synthesis                                                    ; On                 ; On                 ;
; Partial Reconfiguration Bitstream ID                                            ; Off                ; Off                ;
+---------------------------------------------------------------------------------+--------------------+--------------------+


+------------------------------------------+
; Parallel Compilation                     ;
+----------------------------+-------------+
; Processors                 ; Number      ;
+----------------------------+-------------+
; Number detected on machine ; 8           ;
; Maximum allowed            ; 4           ;
;                            ;             ;
; Average used               ; 1.00        ;
; Maximum used               ; 4           ;
;                            ;             ;
; Usage by Processor         ; % Time Used ;
;     Processor 1            ; 100.0%      ;
;     Processor 2            ;   0.0%      ;
;     Processors 3-4         ;   0.0%      ;
+----------------------------+-------------+


+------------------------------------------------------------------------------------------------------------------------------------------------------------------------------------------------+
; Analysis & Synthesis Source Files Read                                                                                                                                                         ;
+----------------------------------+-----------------+------------------------------------+--------------------------------------------------------------------------------------------+---------+
; File Name with User-Entered Path ; Used in Netlist ; File Type                          ; File Name with Absolute Path                                                               ; Library ;
+----------------------------------+-----------------+------------------------------------+--------------------------------------------------------------------------------------------+---------+
; MuxCustom.vhd                    ; yes             ; User VHDL File                     ; C:/Users/loeke/Dropbox/School/Fontys/CSA/NEC_IR_Transceiver/Project/MuxCustom.vhd          ;         ;
; NEC_IR_Transceiver.bdf           ; yes             ; User Block Diagram/Schematic File  ; C:/Users/loeke/Dropbox/School/Fontys/CSA/NEC_IR_Transceiver/Project/NEC_IR_Transceiver.bdf ;         ;
; Register32Bit.vhd                ; yes             ; User VHDL File                     ; C:/Users/loeke/Dropbox/School/Fontys/CSA/NEC_IR_Transceiver/Project/Register32Bit.vhd      ;         ;
; Mod32Counter.vhd                 ; yes             ; User VHDL File                     ; C:/Users/loeke/Dropbox/School/Fontys/CSA/NEC_IR_Transceiver/Project/Mod32Counter.vhd       ;         ;
; LimitedCounter.vhd               ; yes             ; User VHDL File                     ; C:/Users/loeke/Dropbox/School/Fontys/CSA/NEC_IR_Transceiver/Project/LimitedCounter.vhd     ;         ;
; DataFormatter.vhd                ; yes             ; User VHDL File                     ; C:/Users/loeke/Dropbox/School/Fontys/CSA/NEC_IR_Transceiver/Project/DataFormatter.vhd      ;         ;
; ClockModulator.vhd               ; yes             ; User VHDL File                     ; C:/Users/loeke/Dropbox/School/Fontys/CSA/NEC_IR_Transceiver/Project/ClockModulator.vhd     ;         ;
; ClockDivider.vhd                 ; yes             ; User VHDL File                     ; C:/Users/loeke/Dropbox/School/Fontys/CSA/NEC_IR_Transceiver/Project/ClockDivider.vhd       ;         ;
; Mealy_Controller.vhd             ; yes             ; User VHDL File                     ; C:/Users/loeke/Dropbox/School/Fontys/CSA/NEC_IR_Transceiver/Project/Mealy_Controller.vhd   ;         ;
+----------------------------------+-----------------+------------------------------------+--------------------------------------------------------------------------------------------+---------+


+-----------------------------------------------------------------------------+
; Analysis & Synthesis Resource Usage Summary                                 ;
+---------------------------------------------+-------------------------------+
; Resource                                    ; Usage                         ;
+---------------------------------------------+-------------------------------+
; Estimate of Logic utilization (ALMs needed) ; 132                           ;
;                                             ;                               ;
; Combinational ALUT usage for logic          ; 215                           ;
;     -- 7 input functions                    ; 8                             ;
;     -- 6 input functions                    ; 38                            ;
;     -- 5 input functions                    ; 10                            ;
;     -- 4 input functions                    ; 8                             ;
;     -- <=3 input functions                  ; 151                           ;
;                                             ;                               ;
; Dedicated logic registers                   ; 167                           ;
;                                             ;                               ;
; I/O pins                                    ; 29                            ;
;                                             ;                               ;
; Total DSP Blocks                            ; 0                             ;
;                                             ;                               ;
; Maximum fan-out node                        ; ClockDivider:inst5|counter[8] ;
; Maximum fan-out                             ; 105                           ;
; Total fan-out                               ; 1343                          ;
; Average fan-out                             ; 3.05                          ;
+---------------------------------------------+-------------------------------+


+-----------------------------------------------------------------------------------------------------------------------------------------------------------------------------------------------------------------------+
; Analysis & Synthesis Resource Utilization by Entity                                                                                                                                                                   ;
+-----------------------------+---------------------+---------------------------+-------------------+------------+------+--------------+--------------------------------------------+--------------------+--------------+
; Compilation Hierarchy Node  ; Combinational ALUTs ; Dedicated Logic Registers ; Block Memory Bits ; DSP Blocks ; Pins ; Virtual Pins ; Full Hierarchy Name                        ; Entity Name        ; Library Name ;
+-----------------------------+---------------------+---------------------------+-------------------+------------+------+--------------+--------------------------------------------+--------------------+--------------+
; |NEC_IR_Transceiver         ; 215 (8)             ; 167 (0)                   ; 0                 ; 0          ; 29   ; 0            ; |NEC_IR_Transceiver                        ; NEC_IR_Transceiver ; work         ;
;    |ClockDivider:inst5|     ; 39 (39)             ; 32 (32)                   ; 0                 ; 0          ; 0    ; 0            ; |NEC_IR_Transceiver|ClockDivider:inst5     ; ClockDivider       ; work         ;
;    |ClockModulator:inst6|   ; 42 (42)             ; 32 (32)                   ; 0                 ; 0          ; 0    ; 0            ; |NEC_IR_Transceiver|ClockModulator:inst6   ; ClockModulator     ; work         ;
;    |LimitedCounter:inst7|   ; 53 (53)             ; 32 (32)                   ; 0                 ; 0          ; 0    ; 0            ; |NEC_IR_Transceiver|LimitedCounter:inst7   ; LimitedCounter     ; work         ;
;    |Mealy_Controller:inst1| ; 21 (21)             ; 7 (7)                     ; 0                 ; 0          ; 0    ; 0            ; |NEC_IR_Transceiver|Mealy_Controller:inst1 ; Mealy_Controller   ; work         ;
;    |Mod32Counter:inst4|     ; 43 (43)             ; 32 (32)                   ; 0                 ; 0          ; 0    ; 0            ; |NEC_IR_Transceiver|Mod32Counter:inst4     ; Mod32Counter       ; work         ;
;    |MuxCustom:inst9|        ; 9 (9)               ; 0 (0)                     ; 0                 ; 0          ; 0    ; 0            ; |NEC_IR_Transceiver|MuxCustom:inst9        ; MuxCustom          ; work         ;
;    |Register32Bit:inst2|    ; 0 (0)               ; 32 (32)                   ; 0                 ; 0          ; 0    ; 0            ; |NEC_IR_Transceiver|Register32Bit:inst2    ; Register32Bit      ; work         ;
+-----------------------------+---------------------+---------------------------+-------------------+------------+------+--------------+--------------------------------------------+--------------------+--------------+
Note: For table entries with two numbers listed, the numbers in parentheses indicate the number of resources of the given type used by the specific entity alone. The numbers listed outside of parentheses indicate the total resources of the given type used by the specific entity and all of its sub-entities in the hierarchy.


Encoding Type:  One-Hot
+--------------------------------------------------------------------------------------------------------------------------------------------------------------------------+
; State Machine - |NEC_IR_Transceiver|Mealy_Controller:inst1|present_state                                                                                                 ;
+------------------+------------------+------------------+------------------+------------------+------------------+------------------+------------------+------------------+
; Name             ; present_state.S6 ; present_state.S5 ; present_state.S4 ; present_state.S3 ; present_state.S2 ; present_state.S1 ; present_state.Sx ; present_state.S0 ;
+------------------+------------------+------------------+------------------+------------------+------------------+------------------+------------------+------------------+
; present_state.S0 ; 0                ; 0                ; 0                ; 0                ; 0                ; 0                ; 0                ; 0                ;
; present_state.Sx ; 0                ; 0                ; 0                ; 0                ; 0                ; 0                ; 1                ; 1                ;
; present_state.S1 ; 0                ; 0                ; 0                ; 0                ; 0                ; 1                ; 0                ; 1                ;
; present_state.S2 ; 0                ; 0                ; 0                ; 0                ; 1                ; 0                ; 0                ; 1                ;
; present_state.S3 ; 0                ; 0                ; 0                ; 1                ; 0                ; 0                ; 0                ; 1                ;
; present_state.S4 ; 0                ; 0                ; 1                ; 0                ; 0                ; 0                ; 0                ; 1                ;
; present_state.S5 ; 0                ; 1                ; 0                ; 0                ; 0                ; 0                ; 0                ; 1                ;
; present_state.S6 ; 1                ; 0                ; 0                ; 0                ; 0                ; 0                ; 0                ; 1                ;
+------------------+------------------+------------------+------------------+------------------+------------------+------------------+------------------+------------------+


+----------------------------------------------------------------------------------+
; Registers Removed During Synthesis                                               ;
+-----------------------------------------+----------------------------------------+
; Register name                           ; Reason for Removal                     ;
+-----------------------------------------+----------------------------------------+
; Mealy_Controller:inst1|present_state.Sx ; Stuck at GND due to stuck port data_in ;
; Total Number of Removed Registers = 1   ;                                        ;
+-----------------------------------------+----------------------------------------+


+------------------------------------------------------+
; General Register Statistics                          ;
+----------------------------------------------+-------+
; Statistic                                    ; Value ;
+----------------------------------------------+-------+
; Total registers                              ; 167   ;
; Number of registers using Synchronous Clear  ; 154   ;
; Number of registers using Synchronous Load   ; 0     ;
; Number of registers using Asynchronous Clear ; 71    ;
; Number of registers using Asynchronous Load  ; 0     ;
; Number of registers using Clock Enable       ; 94    ;
; Number of registers using Preset             ; 0     ;
+----------------------------------------------+-------+


+--------------------------------------------------+
; Inverted Register Statistics                     ;
+----------------------------------------+---------+
; Inverted Register                      ; Fan out ;
+----------------------------------------+---------+
; LimitedCounter:inst7|counter[31]       ; 17      ;
; LimitedCounter:inst7|counter[0]        ; 5       ;
; Mod32Counter:inst4|counter[0]          ; 7       ;
; Mod32Counter:inst4|counter[31]         ; 3       ;
; Total number of inverted registers = 4 ;         ;
+----------------------------------------+---------+


+------------------------------------------------------------------------------------------------------------------------------------------------------------------+
; Multiplexer Restructuring Statistics (Restructuring Performed)                                                                                                   ;
+--------------------+-----------+---------------+----------------------+------------------------+------------+----------------------------------------------------+
; Multiplexer Inputs ; Bus Width ; Baseline Area ; Area if Restructured ; Saving if Restructured ; Registered ; Example Multiplexer Output                         ;
+--------------------+-----------+---------------+----------------------+------------------------+------------+----------------------------------------------------+
; 3:1                ; 32 bits   ; 64 LEs        ; 0 LEs                ; 64 LEs                 ; Yes        ; |NEC_IR_Transceiver|Register32Bit:inst2|output[6]  ;
; 4:1                ; 30 bits   ; 60 LEs        ; 0 LEs                ; 60 LEs                 ; Yes        ; |NEC_IR_Transceiver|Mod32Counter:inst4|counter[22] ;
; 4:1                ; 2 bits    ; 4 LEs         ; 4 LEs                ; 0 LEs                  ; Yes        ; |NEC_IR_Transceiver|Mod32Counter:inst4|counter[31] ;
+--------------------+-----------+---------------+----------------------+------------------------+------------+----------------------------------------------------+


+-----------------------------------------------------+
; Post-Synthesis Netlist Statistics for Top Partition ;
+-----------------------+-----------------------------+
; Type                  ; Count                       ;
+-----------------------+-----------------------------+
; arriav_ff             ; 167                         ;
;     CLR               ; 9                           ;
;     CLR SCLR          ; 30                          ;
;     ENA CLR SCLR      ; 32                          ;
;     ENA SCLR          ; 62                          ;
;     SCLR              ; 30                          ;
;     plain             ; 4                           ;
; arriav_lcell_comb     ; 215                         ;
;     arith             ; 128                         ;
;         1 data inputs ; 128                         ;
;     extend            ; 8                           ;
;         7 data inputs ; 8                           ;
;     normal            ; 79                          ;
;         1 data inputs ; 9                           ;
;         2 data inputs ; 10                          ;
;         3 data inputs ; 4                           ;
;         4 data inputs ; 8                           ;
;         5 data inputs ; 10                          ;
;         6 data inputs ; 38                          ;
; boundary_port         ; 29                          ;
;                       ;                             ;
; Max LUT depth         ; 5.10                        ;
; Average LUT depth     ; 3.45                        ;
+-----------------------+-----------------------------+


+-------------------------------+
; Elapsed Time Per Partition    ;
+----------------+--------------+
; Partition Name ; Elapsed Time ;
+----------------+--------------+
; Top            ; 00:00:01     ;
+----------------+--------------+


+-------------------------------+
; Analysis & Synthesis Messages ;
+-------------------------------+
Info: *******************************************************************
Info: Running Quartus Prime Analysis & Synthesis
    Info: Version 17.0.0 Build 595 04/25/2017 SJ Lite Edition
    Info: Processing started: Tue Jul 07 14:03:31 2020
Info: Command: quartus_map --read_settings_files=on --write_settings_files=off NEC_IR_Transceiver -c NEC_IR_Transceiver
Warning (18236): Number of processors has not been specified which may cause overloading on shared machines.  Set the global assignment NUM_PARALLEL_PROCESSORS in your QSF to an appropriate value for best performance.
Info (20030): Parallel compilation is enabled and will use 4 of the 4 processors detected
Info (12021): Found 2 design units, including 1 entities, in source file muxcustom.vhd
    Info (12022): Found design unit 1: MuxCustom-behaviour File: C:/Users/loeke/Dropbox/School/Fontys/CSA/NEC_IR_Transceiver/Project/MuxCustom.vhd Line: 15
    Info (12023): Found entity 1: MuxCustom File: C:/Users/loeke/Dropbox/School/Fontys/CSA/NEC_IR_Transceiver/Project/MuxCustom.vhd Line: 5
Info (12021): Found 1 design units, including 1 entities, in source file nec_ir_transceiver.bdf
    Info (12023): Found entity 1: NEC_IR_Transceiver
Info (12021): Found 2 design units, including 1 entities, in source file register32bit.vhd
    Info (12022): Found design unit 1: Register32Bit-behaviour File: C:/Users/loeke/Dropbox/School/Fontys/CSA/NEC_IR_Transceiver/Project/Register32Bit.vhd Line: 17
    Info (12023): Found entity 1: Register32Bit File: C:/Users/loeke/Dropbox/School/Fontys/CSA/NEC_IR_Transceiver/Project/Register32Bit.vhd Line: 5
Info (12021): Found 2 design units, including 1 entities, in source file mod32counter.vhd
    Info (12022): Found design unit 1: Mod32Counter-behaviour File: C:/Users/loeke/Dropbox/School/Fontys/CSA/NEC_IR_Transceiver/Project/Mod32Counter.vhd Line: 17
    Info (12023): Found entity 1: Mod32Counter File: C:/Users/loeke/Dropbox/School/Fontys/CSA/NEC_IR_Transceiver/Project/Mod32Counter.vhd Line: 5
Info (12021): Found 2 design units, including 1 entities, in source file limitedcounter.vhd
    Info (12022): Found design unit 1: LimitedCounter-behaviour File: C:/Users/loeke/Dropbox/School/Fontys/CSA/NEC_IR_Transceiver/Project/LimitedCounter.vhd Line: 18
    Info (12023): Found entity 1: LimitedCounter File: C:/Users/loeke/Dropbox/School/Fontys/CSA/NEC_IR_Transceiver/Project/LimitedCounter.vhd Line: 5
Info (12021): Found 2 design units, including 1 entities, in source file dataformatter.vhd
    Info (12022): Found design unit 1: DataFormatter-behaviour File: C:/Users/loeke/Dropbox/School/Fontys/CSA/NEC_IR_Transceiver/Project/DataFormatter.vhd Line: 15
    Info (12023): Found entity 1: DataFormatter File: C:/Users/loeke/Dropbox/School/Fontys/CSA/NEC_IR_Transceiver/Project/DataFormatter.vhd Line: 5
Info (12021): Found 2 design units, including 1 entities, in source file clockmodulator.vhd
    Info (12022): Found design unit 1: ClockModulator-behaviour File: C:/Users/loeke/Dropbox/School/Fontys/CSA/NEC_IR_Transceiver/Project/ClockModulator.vhd Line: 20
    Info (12023): Found entity 1: ClockModulator File: C:/Users/loeke/Dropbox/School/Fontys/CSA/NEC_IR_Transceiver/Project/ClockModulator.vhd Line: 6
Info (12021): Found 2 design units, including 1 entities, in source file clockdivider.vhd
    Info (12022): Found design unit 1: ClockDivider-behaviour File: C:/Users/loeke/Dropbox/School/Fontys/CSA/NEC_IR_Transceiver/Project/ClockDivider.vhd Line: 15
    Info (12023): Found entity 1: ClockDivider File: C:/Users/loeke/Dropbox/School/Fontys/CSA/NEC_IR_Transceiver/Project/ClockDivider.vhd Line: 5
Info (12021): Found 2 design units, including 1 entities, in source file mealy_controller.vhd
    Info (12022): Found design unit 1: Mealy_Controller-behaviour File: C:/Users/loeke/Dropbox/School/Fontys/CSA/NEC_IR_Transceiver/Project/Mealy_Controller.vhd Line: 28
    Info (12023): Found entity 1: Mealy_Controller File: C:/Users/loeke/Dropbox/School/Fontys/CSA/NEC_IR_Transceiver/Project/Mealy_Controller.vhd Line: 5
Info (12127): Elaborating entity "NEC_IR_Transceiver" for the top level hierarchy
Info (12128): Elaborating entity "ClockModulator" for hierarchy "ClockModulator:inst6"
Warning (10492): VHDL Process Statement warning at ClockModulator.vhd(30): signal "data" is read inside the Process Statement but isn't in the Process Statement's sensitivity list File: C:/Users/loeke/Dropbox/School/Fontys/CSA/NEC_IR_Transceiver/Project/ClockModulator.vhd Line: 30
Info (12128): Elaborating entity "Mealy_Controller" for hierarchy "Mealy_Controller:inst1"
Info (12128): Elaborating entity "MuxCustom" for hierarchy "MuxCustom:inst9"
Info (12128): Elaborating entity "Register32Bit" for hierarchy "Register32Bit:inst2"
Info (12128): Elaborating entity "ClockDivider" for hierarchy "ClockDivider:inst5"
Info (12128): Elaborating entity "DataFormatter" for hierarchy "DataFormatter:inst"
Info (12128): Elaborating entity "Mod32Counter" for hierarchy "Mod32Counter:inst4"
Info (12128): Elaborating entity "LimitedCounter" for hierarchy "LimitedCounter:inst7"
Info (286030): Timing-Driven Synthesis is running
Critical Warning (18061): Ignored Power-Up Level option on the following registers
    Critical Warning (18010): Register ClockDivider:inst5|counter[31] will power up to Low File: C:/Users/loeke/Dropbox/School/Fontys/CSA/NEC_IR_Transceiver/Project/ClockDivider.vhd Line: 21
    Critical Warning (18010): Register ClockDivider:inst5|counter[0] will power up to Low File: C:/Users/loeke/Dropbox/School/Fontys/CSA/NEC_IR_Transceiver/Project/ClockDivider.vhd Line: 21
Info (16010): Generating hard_block partition "hard_block:auto_generated_inst"
    Info (16011): Adding 0 node(s), including 0 DDIO, 0 PLL, 0 transceiver and 0 LCELL
Info (21057): Implemented 268 device resources after synthesis - the final resource count might be different
    Info (21058): Implemented 27 input pins
    Info (21059): Implemented 2 output pins
    Info (21061): Implemented 239 logic cells
Info: Quartus Prime Analysis & Synthesis was successful. 0 errors, 5 warnings
    Info: Peak virtual memory: 4856 megabytes
    Info: Processing ended: Tue Jul 07 14:03:50 2020
    Info: Elapsed time: 00:00:19
    Info: Total CPU time (on all processors): 00:00:42


